<?xml version="1.0" encoding="UTF-8"?>
<!-- Generated by org.testng.reporters.JUnitReportReporter -->
<testsuite hostname="Sheetals-Laptop.local" failures="0" tests="1" name="com.solvd.automation.carina.demo.APISampleTest" time="1.011" errors="0" timestamp="2023-07-18T11:02:46 EDT" skipped="0">
  <testcase classname="com.solvd.automation.carina.demo.APISampleTest" name="testGetUsers" time="1.011"/>
  <system-out/>
</testsuite> <!-- com.solvd.automation.carina.demo.APISampleTest -->
