<?xml version="1.0" encoding="UTF-8"?>
<!-- Generated by org.testng.reporters.JUnitReportReporter -->
<testsuite hostname="Sheetals-Laptop.local" failures="0" tests="1" name="com.automation.practice.web.ChaseLoginSampleTest" time="7.292" errors="0" timestamp="2023-08-12T21:01:59 EDT" skipped="0">
  <testcase classname="com.automation.practice.web.ChaseLoginSampleTest" name="testLogin" time="7.292"/>
  <system-out/>
</testsuite> <!-- com.automation.practice.web.ChaseLoginSampleTest -->
