<?xml version="1.0" encoding="UTF-8"?>
<!-- Generated by org.testng.reporters.JUnitReportReporter -->
<testsuite hostname="Sheetals-Laptop.local" failures="0" tests="5" name="com.solvd.automation.carina.demo.DummyJsonApiSampleTest" time="2.321" errors="0" timestamp="2023-07-20T13:59:32 EDT" skipped="0">
  <testcase classname="com.solvd.automation.carina.demo.DummyJsonApiSampleTest" name="testDeleteProduct" time="0.269"/>
  <system-out/>
  <testcase classname="com.solvd.automation.carina.demo.DummyJsonApiSampleTest" name="testGetSingleProduct" time="0.258"/>
  <system-out/>
  <testcase classname="com.solvd.automation.carina.demo.DummyJsonApiSampleTest" name="testUpdateProduct" time="0.274"/>
  <system-out/>
  <testcase classname="com.solvd.automation.carina.demo.DummyJsonApiSampleTest" name="testCreateProduct" time="1.182"/>
  <system-out/>
  <testcase classname="com.solvd.automation.carina.demo.DummyJsonApiSampleTest" name="testGetAllProducts" time="0.338"/>
  <system-out/>
</testsuite> <!-- com.solvd.automation.carina.demo.DummyJsonApiSampleTest -->
