<?xml version="1.0" encoding="UTF-8"?>
<!-- Generated by org.testng.reporters.JUnitReportReporter -->
<testsuite hostname="Sheetals-Laptop.local" failures="0" tests="1" name="com.automation.practice.web.KeyboardActionsTest" time="25.531" errors="0" timestamp="2023-08-12T23:20:24 EDT" skipped="0">
  <testcase classname="com.automation.practice.web.KeyboardActionsTest" name="testKeyboardAction" time="25.531"/>
  <system-out/>
</testsuite> <!-- com.automation.practice.web.KeyboardActionsTest -->
