<?xml version="1.0" encoding="UTF-8"?>
<!-- Generated by org.testng.reporters.JUnitReportReporter -->
<testsuite hostname="Sheetals-Laptop.local" failures="0" tests="4" name="com.solvd.automation.carina.demo.ReqresAPISampleTest" time="1.960" errors="0" timestamp="2023-07-18T23:09:59 EDT" skipped="0">
  <testcase classname="com.solvd.automation.carina.demo.ReqresAPISampleTest" name="testCreateUser" time="0.283"/>
  <system-out/>
  <testcase classname="com.solvd.automation.carina.demo.ReqresAPISampleTest" name="getAllUsers" time="1.106"/>
  <system-out/>
  <testcase classname="com.solvd.automation.carina.demo.ReqresAPISampleTest" name="testPutUser" time="0.279"/>
  <system-out/>
  <testcase classname="com.solvd.automation.carina.demo.ReqresAPISampleTest" name="testUserNotFound" time="0.292"/>
  <system-out/>
</testsuite> <!-- com.solvd.automation.carina.demo.ReqresAPISampleTest -->
