<?xml version="1.0" encoding="UTF-8"?>
<!-- Generated by org.testng.reporters.JUnitReportReporter -->
<testsuite hostname="Sheetals-Laptop.local" failures="0" tests="5" name="com.solvd.automation.carina.demo.DummyJsonApiSampleTest" time="2.339" errors="0" timestamp="2023-07-21T12:39:38 EDT" skipped="0">
  <testcase classname="com.solvd.automation.carina.demo.DummyJsonApiSampleTest" name="testGetAllProducts" time="0.370"/>
  <system-out/>
  <testcase classname="com.solvd.automation.carina.demo.DummyJsonApiSampleTest" name="testGetSingleProduct" time="0.263"/>
  <system-out/>
  <testcase classname="com.solvd.automation.carina.demo.DummyJsonApiSampleTest" name="testDeleteProduct" time="0.260"/>
  <system-out/>
  <testcase classname="com.solvd.automation.carina.demo.DummyJsonApiSampleTest" name="testCreateProduct" time="1.171"/>
  <system-out/>
  <testcase classname="com.solvd.automation.carina.demo.DummyJsonApiSampleTest" name="testUpdateProduct" time="0.275"/>
  <system-out/>
</testsuite> <!-- com.solvd.automation.carina.demo.DummyJsonApiSampleTest -->
