<?xml version="1.0" encoding="UTF-8"?>
<!-- Generated by org.testng.reporters.JUnitReportReporter -->
<testsuite hostname="Sheetals-Laptop.local" failures="0" tests="4" name="com.solvd.automation.carina.demo.ReqresAPISampleTest" time="1.799" errors="0" timestamp="2023-07-21T12:37:19 EDT" skipped="0">
  <testcase classname="com.solvd.automation.carina.demo.ReqresAPISampleTest" name="testPutUser" time="0.290"/>
  <system-out/>
  <testcase classname="com.solvd.automation.carina.demo.ReqresAPISampleTest" name="getAllUsers" time="0.939"/>
  <system-out/>
  <testcase classname="com.solvd.automation.carina.demo.ReqresAPISampleTest" name="testCreateUser" time="0.295"/>
  <system-out/>
  <testcase classname="com.solvd.automation.carina.demo.ReqresAPISampleTest" name="testUserNotFound" time="0.275"/>
  <system-out/>
</testsuite> <!-- com.solvd.automation.carina.demo.ReqresAPISampleTest -->
